# JRE version: OpenJDK Runtime Environment Temurin-17.0.1+12 (17.0.1+12) (build 17.0.1+12)
# Java VM: OpenJDK 64-Bit Server VM Temurin-17.0.1+12 (17.0.1+12, mixed mode, tiered, compressed oops, compressed class ptrs, g1 gc, windows-amd64)
GC Precious Log:
 CPUs: 8 total, 8 available
 Memory: 8063M
 Large Page Support: Disabled
 NUMA Support: Disabled
 Compressed Oops: Enabled (32-bit)
 Heap Region Size: 1M
 Heap Min Capacity: 8M
 Heap Initial Capacity: 126M
 Heap Max Capacity: 2016M
 Pre-touch: Disabled
 Parallel Workers: 8
 Concurrent Workers: 2
 Concurrent Refinement Workers: 8
 Periodic GC: Disabled
Heap:
 garbage-first heap   total 61440K, used 46029K [0x0000000082000000, 0x0000000100000000)
  region size 1024K, 24 young (24576K), 4 survivors (4096K)
 Metaspace       used 79260K, committed 79808K, reserved 1122304K
  class space    used 10242K, committed 10496K, reserved 1048576K
GC Heap History (20 events):
Event: 2.402 GC heap before
{Heap before GC invocations=9 (full 0):
 garbage-first heap   total 71680K, used 52446K [0x0000000082000000, 0x0000000100000000)
  region size 1024K, 42 young (43008K), 1 survivors (1024K)
 Metaspace       used 27116K, committed 27328K, reserved 1073152K
  class space    used 3051K, committed 3136K, reserved 1048576K
}
Event: 2.405 GC heap after
{Heap after GC invocations=10 (full 0):
 garbage-first heap   total 71680K, used 12516K [0x0000000082000000, 0x0000000100000000)
  region size 1024K, 2 young (2048K), 2 survivors (2048K)
 Metaspace       used 27116K, committed 27328K, reserved 1073152K
  class space    used 3051K, committed 3136K, reserved 1048576K
}
Event: 3.785 GC heap before
{Heap before GC invocations=10 (full 0):
 garbage-first heap   total 71680K, used 53476K [0x0000000082000000, 0x0000000100000000)
  region size 1024K, 42 young (43008K), 2 survivors (2048K)
 Metaspace       used 33543K, committed 33856K, reserved 1081344K
  class space    used 3920K, committed 4096K, reserved 1048576K
}
Event: 3.795 GC heap after
{Heap after GC invocations=11 (full 0):
 garbage-first heap   total 71680K, used 15882K [0x0000000082000000, 0x0000000100000000)
  region size 1024K, 5 young (5120K), 5 survivors (5120K)
 Metaspace       used 33543K, committed 33856K, reserved 1081344K
  class space    used 3920K, committed 4096K, reserved 1048576K
}
Event: 4.161 GC heap before
{Heap before GC invocations=11 (full 0):
 garbage-first heap   total 71680K, used 24074K [0x0000000082000000, 0x0000000100000000)
  region size 1024K, 14 young (14336K), 5 survivors (5120K)
 Metaspace       used 35574K, committed 35968K, reserved 1081344K
  class space    used 4204K, committed 4416K, reserved 1048576K
}
Event: 4.173 GC heap after
{Heap after GC invocations=12 (full 0):
 garbage-first heap   total 71680K, used 16923K [0x0000000082000000, 0x0000000100000000)
  region size 1024K, 1 young (1024K), 1 survivors (1024K)
 Metaspace       used 35574K, committed 35968K, reserved 1081344K
  class space    used 4204K, committed 4416K, reserved 1048576K
}
Event: 5.379 GC heap before
{Heap before GC invocations=13 (full 0):
 garbage-first heap   total 61440K, used 52763K [0x0000000082000000, 0x0000000100000000)
  region size 1024K, 36 young (36864K), 1 survivors (1024K)
 Metaspace       used 43497K, committed 43968K, reserved 1089536K
  class space    used 5236K, committed 5504K, reserved 1048576K
}
Event: 5.384 GC heap after
{Heap after GC invocations=14 (full 0):
 garbage-first heap   total 61440K, used 19206K [0x0000000082000000, 0x0000000100000000)
  region size 1024K, 4 young (4096K), 4 survivors (4096K)
 Metaspace       used 43497K, committed 43968K, reserved 1089536K
  class space    used 5236K, committed 5504K, reserved 1048576K
}
Event: 6.435 GC heap before
{Heap before GC invocations=14 (full 0):
 garbage-first heap   total 61440K, used 45830K [0x0000000082000000, 0x0000000100000000)
  region size 1024K, 31 young (31744K), 4 survivors (4096K)
 Metaspace       used 53372K, committed 53824K, reserved 1097728K
  class space    used 6441K, committed 6656K, reserved 1048576K
}
Event: 6.439 GC heap after
{Heap after GC invocations=15 (full 0):
 garbage-first heap   total 61440K, used 20861K [0x0000000082000000, 0x0000000100000000)
  region size 1024K, 2 young (2048K), 2 survivors (2048K)
 Metaspace       used 53372K, committed 53824K, reserved 1097728K
  class space    used 6441K, committed 6656K, reserved 1048576K
}
Event: 7.765 GC heap before
{Heap before GC invocations=15 (full 0):
 garbage-first heap   total 61440K, used 40317K [0x0000000082000000, 0x0000000100000000)
  region size 1024K, 23 young (23552K), 2 survivors (2048K)
 Metaspace       used 59714K, committed 60160K, reserved 1105920K
  class space    used 7292K, committed 7552K, reserved 1048576K
}
Event: 7.769 GC heap after
{Heap after GC invocations=16 (full 0):
 garbage-first heap   total 61440K, used 21977K [0x0000000082000000, 0x0000000100000000)
  region size 1024K, 3 young (3072K), 3 survivors (3072K)
 Metaspace       used 59714K, committed 60160K, reserved 1105920K
  class space    used 7292K, committed 7552K, reserved 1048576K
}
Event: 8.455 GC heap before
{Heap before GC invocations=17 (full 0):
 garbage-first heap   total 61440K, used 47577K [0x0000000082000000, 0x0000000100000000)
  region size 1024K, 28 young (28672K), 3 survivors (3072K)
 Metaspace       used 63983K, committed 64448K, reserved 1105920K
  class space    used 7956K, committed 8192K, reserved 1048576K
}
Event: 8.459 GC heap after
{Heap after GC invocations=18 (full 0):
 garbage-first heap   total 61440K, used 23592K [0x0000000082000000, 0x0000000100000000)
  region size 1024K, 3 young (3072K), 3 survivors (3072K)
 Metaspace       used 63983K, committed 64448K, reserved 1105920K
  class space    used 7956K, committed 8192K, reserved 1048576K
}
Event: 9.006 GC heap before
{Heap before GC invocations=18 (full 0):
 garbage-first heap   total 61440K, used 47144K [0x0000000082000000, 0x0000000100000000)
  region size 1024K, 27 young (27648K), 3 survivors (3072K)
 Metaspace       used 69632K, committed 70144K, reserved 1114112K
  class space    used 8766K, committed 9024K, reserved 1048576K
}
Event: 9.010 GC heap after
{Heap after GC invocations=19 (full 0):
 garbage-first heap   total 61440K, used 24609K [0x0000000082000000, 0x0000000100000000)
  region size 1024K, 3 young (3072K), 3 survivors (3072K)
 Metaspace       used 69632K, committed 70144K, reserved 1114112K
  class space    used 8766K, committed 9024K, reserved 1048576K
}
Event: 9.678 GC heap before
{Heap before GC invocations=19 (full 0):
 garbage-first heap   total 61440K, used 49185K [0x0000000082000000, 0x0000000100000000)
  region size 1024K, 27 young (27648K), 3 survivors (3072K)
 Metaspace       used 72890K, committed 73408K, reserved 1114112K
  class space    used 9352K, committed 9600K, reserved 1048576K
}
Event: 9.681 GC heap after
{Heap after GC invocations=20 (full 0):
 garbage-first heap   total 61440K, used 25242K [0x0000000082000000, 0x0000000100000000)
  region size 1024K, 2 young (2048K), 2 survivors (2048K)
 Metaspace       used 72890K, committed 73408K, reserved 1114112K
  class space    used 9352K, committed 9600K, reserved 1048576K
}
Event: 11.042 GC heap before
{Heap before GC invocations=20 (full 0):
 garbage-first heap   total 61440K, used 49818K [0x0000000082000000, 0x0000000100000000)
  region size 1024K, 26 young (26624K), 2 survivors (2048K)
 Metaspace       used 75990K, committed 76480K, reserved 1122304K
  class space    used 9863K, committed 10112K, reserved 1048576K
}
Event: 11.046 GC heap after
{Heap after GC invocations=21 (full 0):
 garbage-first heap   total 61440K, used 26573K [0x0000000082000000, 0x0000000100000000)
  region size 1024K, 4 young (4096K), 4 survivors (4096K)
 Metaspace       used 75990K, committed 76480K, reserved 1122304K
  class space    used 9863K, committed 10112K, reserved 1048576K
}

